<?xml version="1.0" encoding="UTF-8"?>
<!-- Generated by org.testng.reporters.JUnitXMLReporter -->
<testsuite ignored="1" hostname="Freelance" failures="0" tests="3" name="Parameterization" time="0.043" errors="0" timestamp="2024-02-04T12:15:05 MEZ">
  <testcase classname="Test.TestBasics" name="Demo" time="0.006"/>
  <testcase classname="Test.TestBasics2" name="FourthDemo" time="0.002"/>
  <testcase classname="Test.TestBasics2" name="ThirdDemo" time="0.002"/>
  <testcase classname="Test.TestBasics" name="SecondDemo" time="0.0">
    <ignored/>
  </testcase> <!-- SecondDemo -->
</testsuite> <!-- Parameterization -->
