<?xml version="1.0" encoding="UTF-8"?>
<!-- Generated by org.testng.reporters.JUnitXMLReporter -->
<testsuite ignored="8" hostname="Freelance" failures="0" tests="3" name="Regression" time="0.05" errors="0" timestamp="2024-02-04T16:04:37 MEZ">
  <testcase classname="Test.TestBasics" name="SecondDemo" time="0.01"/>
  <testcase classname="Test.TestBasics2" name="FourthDemo" time="0.001"/>
  <testcase classname="Test.TestBasics4" name="EigthDemo" time="0.001"/>
  <testcase classname="Test.TestBasics3" name="SixthDemo" time="0.0">
    <ignored/>
  </testcase> <!-- SixthDemo -->
  <testcase classname="Test.TestBasics4" name="SeventhDemo" time="0.0">
    <ignored/>
  </testcase> <!-- SeventhDemo -->
  <testcase classname="Test.TestBasics3" name="WebLoginCarLoan" time="0.0">
    <ignored/>
  </testcase> <!-- WebLoginCarLoan -->
  <testcase classname="Test.TestBasics2" name="ThirdDemo" time="0.0">
    <ignored/>
  </testcase> <!-- ThirdDemo -->
  <testcase classname="Test.TestBasics3" name="BeforeMethodDemo" time="0.0">
    <ignored/>
  </testcase> <!-- BeforeMethodDemo -->
  <testcase classname="Test.TestBasics3" name="FifthDemo" time="0.0">
    <ignored/>
  </testcase> <!-- FifthDemo -->
  <testcase classname="Test.TestBasics" name="Demo" time="0.0">
    <ignored/>
  </testcase> <!-- Demo -->
  <testcase classname="Test.TestBasics3" name="MobileLoginCarLoan" time="0.0">
    <ignored/>
  </testcase> <!-- MobileLoginCarLoan -->
</testsuite> <!-- Regression -->
