<?xml version="1.0" encoding="UTF-8"?>
<!-- Generated by org.testng.reporters.JUnitXMLReporter -->
<testsuite ignored="1" hostname="Freelance" failures="0" tests="3" name="Default test" time="0.062" errors="0" timestamp="2024-02-01T20:47:55 MEZ">
  <testcase classname="Test.TestBasics3" name="SixthDemo" time="0.008"/>
  <testcase classname="Test.TestBasics3" name="WebLoginCarLoan" time="0.001"/>
  <testcase classname="Test.TestBasics3" name="MobileLoginCarLoan" time="0.002"/>
  <testcase classname="Test.TestBasics3" name="FifthDemo" time="0.0">
    <ignored/>
  </testcase> <!-- FifthDemo -->
</testsuite> <!-- Default test -->
