<?xml version="1.0" encoding="UTF-8"?>
<testng-results ignored="8" total="11" passed="3" failed="0" skipped="0">
  <reporter-output>
  </reporter-output>
  <suite started-at="2024-02-04T16:04:37 MEZ" name="First Suite" finished-at="2024-02-04T16:04:37 MEZ" duration-ms="50">
    <groups>
      <group name="smoke">
        <method signature="TestBasics.SecondDemo()[pri:0, instance:Test.TestBasics@6ca8564a]" name="SecondDemo" class="Test.TestBasics"/>
        <method signature="TestBasics2.FourthDemo()[pri:0, instance:Test.TestBasics2@4f209819]" name="FourthDemo" class="Test.TestBasics2"/>
        <method signature="TestBasics4.EigthDemo()[pri:0, instance:Test.TestBasics4@72f926e6]" name="EigthDemo" class="Test.TestBasics4"/>
      </group> <!-- smoke -->
    </groups>
    <test started-at="2024-02-04T16:04:37 MEZ" name="Regression" finished-at="2024-02-04T16:04:37 MEZ" duration-ms="50">
      <class name="Test.TestBasics">
        <test-method signature="SecondDemo()[pri:0, instance:Test.TestBasics@6ca8564a]" started-at="2024-02-04T16:04:37 MEZ" name="SecondDemo" finished-at="2024-02-04T16:04:37 MEZ" duration-ms="10" status="PASS">
          <reporter-output>
          </reporter-output>
        </test-method> <!-- SecondDemo -->
      </class> <!-- Test.TestBasics -->
      <class name="Test.TestBasics2">
        <test-method signature="FourthDemo()[pri:0, instance:Test.TestBasics2@4f209819]" started-at="2024-02-04T16:04:37 MEZ" name="FourthDemo" finished-at="2024-02-04T16:04:37 MEZ" duration-ms="1" status="PASS">
          <reporter-output>
          </reporter-output>
        </test-method> <!-- FourthDemo -->
      </class> <!-- Test.TestBasics2 -->
      <class name="Test.TestBasics4">
        <test-method signature="EigthDemo()[pri:0, instance:Test.TestBasics4@72f926e6]" started-at="2024-02-04T16:04:37 MEZ" name="EigthDemo" finished-at="2024-02-04T16:04:37 MEZ" duration-ms="1" status="PASS">
          <reporter-output>
          </reporter-output>
        </test-method> <!-- EigthDemo -->
      </class> <!-- Test.TestBasics4 -->
    </test> <!-- Regression -->
  </suite> <!-- First Suite -->
</testng-results>
